\BOOKMARK [1][-]{section.1}{\376\377\000O\000b\000j\000e\000c\000t\000i\000v\000e}{}% 1
\BOOKMARK [1][-]{section.2}{\376\377\000I\000n\000t\000r\000o\000d\000u\000c\000t\000i\000o\000n}{}% 2
\BOOKMARK [1][-]{section.3}{\376\377\000C\000a\000t\000e\000g\000o\000r\000i\000e\000s\000\040\000i\000n\000\040\000M\000a\000c\000h\000i\000n\000e\000\040\000L\000e\000a\000r\000n\000i\000n\000g}{}% 3
\BOOKMARK [2][-]{subsection.3.1}{\376\377\000S\000u\000p\000e\000r\000v\000i\000s\000e\000d\000\040\000L\000e\000a\000r\000n\000i\000n\000g}{section.3}% 4
\BOOKMARK [2][-]{subsection.3.2}{\376\377\000U\000n\000s\000u\000p\000e\000r\000v\000i\000s\000e\000d\000\040\000L\000e\000a\000r\000n\000i\000n\000g}{section.3}% 5
\BOOKMARK [1][-]{section.4}{\376\377\000S\000u\000p\000e\000r\000v\000i\000s\000e\000d\000\040\000L\000e\000a\000r\000n\000i\000n\000g\000\040\000A\000l\000g\000o\000r\000i\000t\000h\000m\000s}{}% 6
\BOOKMARK [2][-]{subsection.4.1}{\376\377\000L\000i\000n\000e\000a\000r\000\040\000R\000e\000g\000r\000e\000s\000s\000i\000o\000n}{section.4}% 7
\BOOKMARK [2][-]{subsection.4.2}{\376\377\000P\000o\000l\000y\000n\000o\000m\000i\000a\000l\000\040\000R\000e\000g\000r\000e\000s\000s\000i\000o\000n}{section.4}% 8
\BOOKMARK [2][-]{subsection.4.3}{\376\377\000L\000o\000g\000i\000s\000t\000i\000c\000\040\000R\000e\000g\000r\000e\000s\000s\000i\000o\000n}{section.4}% 9
\BOOKMARK [2][-]{subsection.4.4}{\376\377\000N\000a\000i\000v\000e\000\040\000B\000a\000y\000e\000s}{section.4}% 10
\BOOKMARK [2][-]{subsection.4.5}{\376\377\000G\000i\000t\000\040\000I\000n\000i\000t}{section.4}% 11
\BOOKMARK [2][-]{subsection.4.6}{\376\377\000G\000i\000t\000\040\000A\000d\000d}{section.4}% 12
\BOOKMARK [2][-]{subsection.4.7}{\376\377\000G\000i\000t\000\040\000R\000e\000m\000o\000v\000e}{section.4}% 13
\BOOKMARK [2][-]{subsection.4.8}{\376\377\000G\000i\000t\000\040\000C\000o\000m\000m\000i\000t}{section.4}% 14
\BOOKMARK [2][-]{subsection.4.9}{\376\377\000G\000i\000t\000\040\000C\000h\000e\000c\000k\000o\000u\000t}{section.4}% 15
\BOOKMARK [2][-]{subsection.4.10}{\376\377\000G\000i\000t\000\040\000L\000o\000g}{section.4}% 16
\BOOKMARK [2][-]{subsection.4.11}{\376\377\000G\000i\000t\000\040\000H\000e\000a\000d}{section.4}% 17
\BOOKMARK [2][-]{subsection.4.12}{\376\377\000G\000r\000a\000p\000h\000s}{section.4}% 18
\BOOKMARK [2][-]{subsection.4.13}{\376\377\000S\000t\000a\000t\000s}{section.4}% 19
\BOOKMARK [2][-]{subsection.4.14}{\376\377\000R\000e\000p\000o\000r\000t\000\040\000C\000a\000r\000d}{section.4}% 20
\BOOKMARK [2][-]{subsection.4.15}{\376\377\000H\000e\000l\000p}{section.4}% 21
\BOOKMARK [1][-]{section.5}{\376\377\000W\000o\000r\000k\000i\000n\000g}{}% 22
\BOOKMARK [2][-]{subsection.5.1}{\376\377\000U\000p\000l\000o\000a\000d}{section.5}% 23
\BOOKMARK [2][-]{subsection.5.2}{\376\377\000T\000o\000t\000a\000l}{section.5}% 24
\BOOKMARK [2][-]{subsection.5.3}{\376\377\000C\000o\000m\000b\000i\000n\000e}{section.5}% 25
\BOOKMARK [2][-]{subsection.5.4}{\376\377\000U\000p\000d\000a\000t\000e}{section.5}% 26
\BOOKMARK [2][-]{subsection.5.5}{\376\377\000R\000a\000n\000k}{section.5}% 27
\BOOKMARK [2][-]{subsection.5.6}{\376\377\000G\000i\000t\000\040\000I\000n\000i\000t}{section.5}% 28
\BOOKMARK [2][-]{subsection.5.7}{\376\377\000G\000i\000t\000\040\000A\000d\000d}{section.5}% 29
\BOOKMARK [2][-]{subsection.5.8}{\376\377\000G\000i\000t\000\040\000R\000e\000m\000o\000v\000e}{section.5}% 30
\BOOKMARK [2][-]{subsection.5.9}{\376\377\000G\000i\000t\000\040\000C\000o\000m\000m\000i\000t}{section.5}% 31
\BOOKMARK [2][-]{subsection.5.10}{\376\377\000G\000i\000t\000\040\000C\000h\000e\000c\000k\000o\000u\000t}{section.5}% 32
\BOOKMARK [2][-]{subsection.5.11}{\376\377\000G\000i\000t\000\040\000L\000o\000g}{section.5}% 33
\BOOKMARK [2][-]{subsection.5.12}{\376\377\000G\000i\000t\000\040\000h\000e\000a\000d}{section.5}% 34
\BOOKMARK [2][-]{subsection.5.13}{\376\377\000G\000r\000a\000p\000h\000s}{section.5}% 35
\BOOKMARK [2][-]{subsection.5.14}{\376\377\000S\000t\000a\000t\000s}{section.5}% 36
\BOOKMARK [2][-]{subsection.5.15}{\376\377\000R\000e\000p\000o\000r\000t\000\040\000C\000a\000r\000d}{section.5}% 37
\BOOKMARK [1][-]{section.6}{\376\377\000R\000e\000f\000e\000r\000e\000n\000c\000e\000s}{}% 38
